2024-01-04 20:53:13.070  INFO 4816 --- [main] c.z.s.s.SuperUserServerApplicationTests  : Starting SuperUserServerApplicationTests using Java 1.8.0_382 on DESKTOP-99THP1R with PID 4816 (started by penglab in D:\source\JavaProjects\SuperUserServer)
2024-01-04 20:53:13.073  INFO 4816 --- [main] c.z.s.s.SuperUserServerApplicationTests  : No active profile set, falling back to 1 default profile: "default"
2024-01-04 20:53:15.234  INFO 4816 --- [main] o.s.b.a.e.web.EndpointLinksResolver      : Exposing 15 endpoint(s) beneath base path '/actuator'
2024-01-04 20:53:15.279  INFO 4816 --- [main] c.z.s.s.SuperUserServerApplicationTests  : Started SuperUserServerApplicationTests in 2.525 seconds (JVM running for 3.304)
2024-01-04 20:53:15.315 ERROR 4816 --- [registrationTask1] o.s.s.s.TaskUtils$LoggingErrorHandler    : Unexpected error occurred in scheduled task

java.lang.IllegalStateException: couldn't determine local port. Please set spring.boot.admin.client.instance.service-base-url.
	at de.codecentric.boot.admin.client.registration.DefaultApplicationFactory.getLocalServerPort(DefaultApplicationFactory.java:192) ~[spring-boot-admin-client-2.7.2.jar:2.7.2]
	at de.codecentric.boot.admin.client.registration.DefaultApplicationFactory.getServiceBaseUrl(DefaultApplicationFactory.java:104) ~[spring-boot-admin-client-2.7.2.jar:2.7.2]
	at de.codecentric.boot.admin.client.registration.ServletApplicationFactory.getServiceUrl(ServletApplicationFactory.java:63) ~[spring-boot-admin-client-2.7.2.jar:2.7.2]
	at de.codecentric.boot.admin.client.registration.ServletApplicationFactory.getManagementBaseUrl(ServletApplicationFactory.java:76) ~[spring-boot-admin-client-2.7.2.jar:2.7.2]
	at de.codecentric.boot.admin.client.registration.DefaultApplicationFactory.getHealthUrl(DefaultApplicationFactory.java:154) ~[spring-boot-admin-client-2.7.2.jar:2.7.2]
	at de.codecentric.boot.admin.client.registration.DefaultApplicationFactory.createApplication(DefaultApplicationFactory.java:80) ~[spring-boot-admin-client-2.7.2.jar:2.7.2]
	at de.codecentric.boot.admin.client.registration.DefaultApplicationRegistrator.register(DefaultApplicationRegistrator.java:56) ~[spring-boot-admin-client-2.7.2.jar:2.7.2]
	at org.springframework.scheduling.support.DelegatingErrorHandlingRunnable.run(DelegatingErrorHandlingRunnable.java:54) ~[spring-context-5.3.27.jar:5.3.27]
	at java.util.concurrent.Executors$RunnableAdapter.call(Executors.java:511) [na:1.8.0_382]
	at java.util.concurrent.FutureTask.runAndReset(FutureTask.java:308) [na:1.8.0_382]
	at java.util.concurrent.ScheduledThreadPoolExecutor$ScheduledFutureTask.access$301(ScheduledThreadPoolExecutor.java:180) [na:1.8.0_382]
	at java.util.concurrent.ScheduledThreadPoolExecutor$ScheduledFutureTask.run(ScheduledThreadPoolExecutor.java:294) [na:1.8.0_382]
	at java.util.concurrent.ThreadPoolExecutor.runWorker(ThreadPoolExecutor.java:1149) [na:1.8.0_382]
	at java.util.concurrent.ThreadPoolExecutor$Worker.run(ThreadPoolExecutor.java:624) [na:1.8.0_382]
	at java.lang.Thread.run(Thread.java:750) [na:1.8.0_382]

